2025-11-04 23:08:47,885 | DEBUG | Model_training| The train dataset has been converted to Data frame if it was or it wasnt
2025-11-04 23:08:48,177 | DEBUG | Model_training| The model : {name} has been trained and saved! as /home/santosh/Desktop/MLOps/Class_3_ML_Pipeline/Data/models/LogisticRegression.pkl --> 
2025-11-04 23:10:29,997 | DEBUG | Model_training| The model : {name} has been trained and saved! as /home/santosh/Desktop/MLOps/Class_3_ML_Pipeline/Data/models/SVC.pkl --> 
2025-11-04 23:12:42,993 | DEBUG | Model_training| The model : {name} has been trained and saved! as /home/santosh/Desktop/MLOps/Class_3_ML_Pipeline/Data/models/RandomForestClassifier.pkl --> 
2025-11-04 23:12:43,049 | DEBUG | Model_training| The model : {name} has been trained and saved! as /home/santosh/Desktop/MLOps/Class_3_ML_Pipeline/Data/models/KNeighborsClassifier.pkl --> 
2025-11-04 23:12:47,076 | DEBUG | Model_training| The model : {name} has been trained and saved! as /home/santosh/Desktop/MLOps/Class_3_ML_Pipeline/Data/models/XGBClassifier.pkl --> 
2025-11-04 23:12:47,077 | DEBUG | Model_training| All models are trained and saved as .pkl
















2025-11-05 18:08:03,362 | INFO | Model_training | Loaded preprocessed train data with shape (40689, 41)
2025-11-05 18:08:03,430 | DEBUG | Model_training | Split features X shape: (40689, 40), target y shape: (40689,)
2025-11-05 18:08:03,434 | INFO | Model_training | Detected problem type: classification
2025-11-05 18:08:03,435 | INFO | Model_training | Training model: LogisticRegression
2025-11-05 18:08:03,940 | INFO | Model_training | Classification report for LogisticRegression:
              precision    recall  f1-score   support

           0       0.92      0.98      0.95     35934
           1       0.65      0.34      0.45      4755

    accuracy                           0.90     40689
   macro avg       0.78      0.66      0.70     40689
weighted avg       0.89      0.90      0.89     40689

2025-11-05 18:08:03,946 | INFO | Model_training | Saved trained model to /home/santosh/Desktop/MLOps/Class_3_ML_Pipeline/Data/models/LogisticRegression.pkl
2025-11-05 18:08:03,952 | INFO | Model_training | Training model: SVC
2025-11-05 18:20:28,446 | INFO | Model_training | Classification report for SVC:
              precision    recall  f1-score   support

           0       0.93      0.98      0.95     35934
           1       0.78      0.41      0.54      4755

    accuracy                           0.92     40689
   macro avg       0.85      0.70      0.75     40689
weighted avg       0.91      0.92      0.91     40689

2025-11-05 18:20:28,461 | INFO | Model_training | Saved trained model to /home/santosh/Desktop/MLOps/Class_3_ML_Pipeline/Data/models/SVC.pkl
2025-11-05 18:20:28,463 | INFO | Model_training | Training model: RandomForestClassifier
2025-11-05 18:24:27,745 | INFO | Model_training | Classification report for RandomForestClassifier:
              precision    recall  f1-score   support

           0       1.00      1.00      1.00     35934
           1       1.00      0.98      0.99      4755

    accuracy                           1.00     40689
   macro avg       1.00      0.99      0.99     40689
weighted avg       1.00      1.00      1.00     40689

2025-11-05 18:24:28,810 | INFO | Model_training | Saved trained model to /home/santosh/Desktop/MLOps/Class_3_ML_Pipeline/Data/models/RandomForestClassifier.pkl
2025-11-05 18:24:28,821 | INFO | Model_training | Training model: KNeighborsClassifier
2025-11-05 18:24:57,534 | INFO | Model_training | Classification report for KNeighborsClassifier:
              precision    recall  f1-score   support

           0       0.92      0.99      0.95     35934
           1       0.78      0.32      0.45      4755

    accuracy                           0.91     40689
   macro avg       0.85      0.65      0.70     40689
weighted avg       0.90      0.91      0.89     40689

2025-11-05 18:24:57,559 | INFO | Model_training | Saved trained model to /home/santosh/Desktop/MLOps/Class_3_ML_Pipeline/Data/models/KNeighborsClassifier.pkl
2025-11-05 18:24:57,559 | INFO | Model_training | Training model: XGBClassifier
2025-11-05 18:25:08,607 | INFO | Model_training | Classification report for XGBClassifier:
              precision    recall  f1-score   support

           0       0.99      1.00      0.99     35934
           1       0.98      0.91      0.94      4755

    accuracy                           0.99     40689
   macro avg       0.99      0.95      0.97     40689
weighted avg       0.99      0.99      0.99     40689

2025-11-05 18:25:08,621 | INFO | Model_training | Saved trained model to /home/santosh/Desktop/MLOps/Class_3_ML_Pipeline/Data/models/XGBClassifier.pkl
2025-11-05 18:25:08,621 | INFO | Model_training | Training completed for 5 models
2025-11-05 18:47:04,597 | INFO | Model_training | Loaded preprocessed train data with shape (40689, 41)
2025-11-05 18:47:04,607 | DEBUG | Model_training | Split features X shape: (40689, 40), target y shape: (40689,)
2025-11-05 18:47:04,609 | INFO | Model_training | Detected problem type: classification
2025-11-05 18:47:04,609 | INFO | Model_training | Training model: LogisticRegression
2025-11-05 18:47:05,182 | INFO | Model_training | Classification report for LogisticRegression:
              precision    recall  f1-score   support

           0       0.92      0.98      0.95     35934
           1       0.65      0.34      0.45      4755

    accuracy                           0.90     40689
   macro avg       0.78      0.66      0.70     40689
weighted avg       0.89      0.90      0.89     40689

2025-11-05 18:47:05,195 | INFO | Model_training | Saved trained model to /home/santosh/Desktop/MLOps/Class_3_ML_Pipeline/Data/models/LogisticRegression.pkl
2025-11-05 18:47:05,195 | INFO | Model_training | Training model: RandomForestClassifier
2025-11-05 18:49:44,102 | INFO | Model_training | Classification report for RandomForestClassifier:
              precision    recall  f1-score   support

           0       1.00      1.00      1.00     35934
           1       1.00      0.98      0.99      4755

    accuracy                           1.00     40689
   macro avg       1.00      0.99      0.99     40689
weighted avg       1.00      1.00      1.00     40689

2025-11-05 18:49:44,385 | INFO | Model_training | Saved trained model to /home/santosh/Desktop/MLOps/Class_3_ML_Pipeline/Data/models/RandomForestClassifier.pkl
2025-11-05 18:49:44,386 | INFO | Model_training | Training model: KNeighborsClassifier
2025-11-05 18:50:11,767 | INFO | Model_training | Classification report for KNeighborsClassifier:
              precision    recall  f1-score   support

           0       0.92      0.99      0.95     35934
           1       0.78      0.32      0.45      4755

    accuracy                           0.91     40689
   macro avg       0.85      0.65      0.70     40689
weighted avg       0.90      0.91      0.89     40689

2025-11-05 18:50:11,797 | INFO | Model_training | Saved trained model to /home/santosh/Desktop/MLOps/Class_3_ML_Pipeline/Data/models/KNeighborsClassifier.pkl
2025-11-05 18:50:11,798 | INFO | Model_training | Training model: XGBClassifier
2025-11-05 18:50:21,882 | INFO | Model_training | Classification report for XGBClassifier:
              precision    recall  f1-score   support

           0       0.99      1.00      0.99     35934
           1       0.98      0.91      0.94      4755

    accuracy                           0.99     40689
   macro avg       0.99      0.95      0.97     40689
weighted avg       0.99      0.99      0.99     40689

2025-11-05 18:50:21,893 | INFO | Model_training | Saved trained model to /home/santosh/Desktop/MLOps/Class_3_ML_Pipeline/Data/models/XGBClassifier.pkl
2025-11-05 18:50:21,894 | INFO | Model_training | Training completed for 4 models
2025-11-05 19:01:56,129 | INFO | Model_training | Loaded preprocessed train data with shape (36168, 41)
2025-11-05 19:01:56,144 | DEBUG | Model_training | Split features X shape: (36168, 40), target y shape: (36168,)
2025-11-05 19:01:56,146 | INFO | Model_training | Detected problem type: classification
2025-11-05 19:01:56,147 | INFO | Model_training | Training model: LogisticRegression
2025-11-05 19:01:56,576 | INFO | Model_training | Classification report for LogisticRegression:
              precision    recall  f1-score   support

           0       0.92      0.97      0.95     31910
           1       0.65      0.35      0.46      4258

    accuracy                           0.90     36168
   macro avg       0.78      0.66      0.70     36168
weighted avg       0.89      0.90      0.89     36168

2025-11-05 19:01:56,580 | INFO | Model_training | Saved trained model to /home/santosh/Desktop/MLOps/Class_3_ML_Pipeline/Data/models/LogisticRegression.pkl
2025-11-05 19:01:56,581 | INFO | Model_training | Training model: RandomForestClassifier
2025-11-05 19:04:31,750 | INFO | Model_training | Classification report for RandomForestClassifier:
              precision    recall  f1-score   support

           0       1.00      1.00      1.00     31910
           1       1.00      0.98      0.99      4258

    accuracy                           1.00     36168
   macro avg       1.00      0.99      1.00     36168
weighted avg       1.00      1.00      1.00     36168

2025-11-05 19:04:32,026 | INFO | Model_training | Saved trained model to /home/santosh/Desktop/MLOps/Class_3_ML_Pipeline/Data/models/RandomForestClassifier.pkl
2025-11-05 19:04:32,027 | INFO | Model_training | Training model: KNeighborsClassifier
2025-11-05 19:04:49,098 | INFO | Model_training | Classification report for KNeighborsClassifier:
              precision    recall  f1-score   support

           0       0.92      0.99      0.95     31910
           1       0.79      0.32      0.45      4258

    accuracy                           0.91     36168
   macro avg       0.85      0.65      0.70     36168
weighted avg       0.90      0.91      0.89     36168

2025-11-05 19:04:49,121 | INFO | Model_training | Saved trained model to /home/santosh/Desktop/MLOps/Class_3_ML_Pipeline/Data/models/KNeighborsClassifier.pkl
2025-11-05 19:04:49,121 | INFO | Model_training | Training model: XGBClassifier
2025-11-05 19:04:55,655 | INFO | Model_training | Classification report for XGBClassifier:
              precision    recall  f1-score   support

           0       0.99      1.00      0.99     31910
           1       0.99      0.92      0.95      4258

    accuracy                           0.99     36168
   macro avg       0.99      0.96      0.97     36168
weighted avg       0.99      0.99      0.99     36168

2025-11-05 19:04:55,665 | INFO | Model_training | Saved trained model to /home/santosh/Desktop/MLOps/Class_3_ML_Pipeline/Data/models/XGBClassifier.pkl
2025-11-05 19:04:55,666 | INFO | Model_training | Training completed for 4 models
